# Logfile created on Sat Mar 28 13:56:01 -0400 2009/!\ FAILSAFE /!\  Sat Mar 28 13:56:25 -0400 2009
  Status: 500 Internal Server Error
  No such file or directory - /Users/noah/Documents/github/final_front_tier/public/stylesheets/compiled
    /opt/local/lib/ruby/gems/1.8/gems/haml-2.1.0/lib/sass/plugin.rb:93:in `mkdir'
    /opt/local/lib/ruby/gems/1.8/gems/haml-2.1.0/lib/sass/plugin.rb:93:in `mkpath'
    /opt/local/lib/ruby/gems/1.8/gems/haml-2.1.0/lib/sass/plugin.rb:93:in `each'
    /opt/local/lib/ruby/gems/1.8/gems/haml-2.1.0/lib/sass/plugin.rb:93:in `mkpath'
    /opt/local/lib/ruby/gems/1.8/gems/haml-2.1.0/lib/sass/plugin.rb:81:in `update_stylesheet'
    /opt/local/lib/ruby/gems/1.8/gems/haml-2.1.0/lib/sass/plugin.rb:60:in `update_stylesheets'
    /opt/local/lib/ruby/gems/1.8/gems/haml-2.1.0/lib/sass/plugin.rb:55:in `each'
    /opt/local/lib/ruby/gems/1.8/gems/haml-2.1.0/lib/sass/plugin.rb:55:in `update_stylesheets'
    /opt/local/lib/ruby/gems/1.8/gems/haml-2.1.0/lib/sass/plugin.rb:53:in `each'
    /opt/local/lib/ruby/gems/1.8/gems/haml-2.1.0/lib/sass/plugin.rb:53:in `update_stylesheets'
    /opt/local/lib/ruby/gems/1.8/gems/haml-2.1.0/lib/sass/plugin/rails.rb:16:in `process'
    /opt/local/lib/ruby/gems/1.8/gems/actionpack-2.2.2/lib/action_controller/base.rb:392:in `process'
    /opt/local/lib/ruby/gems/1.8/gems/actionpack-2.2.2/lib/action_controller/dispatcher.rb:183:in `handle_request'
    /opt/local/lib/ruby/gems/1.8/gems/actionpack-2.2.2/lib/action_controller/dispatcher.rb:110:in `dispatch_unlocked'
    /opt/local/lib/ruby/gems/1.8/gems/actionpack-2.2.2/lib/action_controller/dispatcher.rb:123:in `dispatch'
    /opt/local/lib/ruby/gems/1.8/gems/actionpack-2.2.2/lib/action_controller/dispatcher.rb:122:in `synchronize'
    /opt/local/lib/ruby/gems/1.8/gems/actionpack-2.2.2/lib/action_controller/dispatcher.rb:122:in `dispatch'
    /opt/local/lib/ruby/gems/1.8/gems/actionpack-2.2.2/lib/action_controller/dispatcher.rb:132:in `dispatch_cgi'
    /opt/local/lib/ruby/gems/1.8/gems/actionpack-2.2.2/lib/action_controller/dispatcher.rb:39:in `dispatch'
    /opt/local/lib/ruby/gems/1.8/gems/rails-2.2.2/lib/webrick_server.rb:103:in `handle_dispatch'
    /opt/local/lib/ruby/gems/1.8/gems/rails-2.2.2/lib/webrick_server.rb:74:in `service'
    /opt/local/lib/ruby/1.8/webrick/httpserver.rb:104:in `service'
    /opt/local/lib/ruby/1.8/webrick/httpserver.rb:65:in `run'
    /opt/local/lib/ruby/1.8/webrick/server.rb:173:in `start_thread'
    /opt/local/lib/ruby/1.8/webrick/server.rb:162:in `start'
    /opt/local/lib/ruby/1.8/webrick/server.rb:162:in `start_thread'
    /opt/local/lib/ruby/1.8/webrick/server.rb:95:in `start'
    /opt/local/lib/ruby/1.8/webrick/server.rb:92:in `each'
    /opt/local/lib/ruby/1.8/webrick/server.rb:92:in `start'
    /opt/local/lib/ruby/1.8/webrick/server.rb:23:in `start'
    /opt/local/lib/ruby/1.8/webrick/server.rb:82:in `start'
    /opt/local/lib/ruby/gems/1.8/gems/rails-2.2.2/lib/webrick_server.rb:60:in `dispatch'
    /opt/local/lib/ruby/gems/1.8/gems/rails-2.2.2/lib/commands/servers/webrick.rb:66
    /opt/local/lib/ruby/site_ruby/1.8/rubygems/custom_require.rb:31:in `gem_original_require'
    /opt/local/lib/ruby/site_ruby/1.8/rubygems/custom_require.rb:31:in `require'
    /opt/local/lib/ruby/gems/1.8/gems/activesupport-2.2.2/lib/active_support/dependencies.rb:153:in `require'
    /opt/local/lib/ruby/gems/1.8/gems/activesupport-2.2.2/lib/active_support/dependencies.rb:521:in `new_constants_in'
    /opt/local/lib/ruby/gems/1.8/gems/activesupport-2.2.2/lib/active_support/dependencies.rb:153:in `require'
    /opt/local/lib/ruby/gems/1.8/gems/rails-2.2.2/lib/commands/server.rb:49
    /opt/local/lib/ruby/site_ruby/1.8/rubygems/custom_require.rb:31:in `gem_original_require'
    /opt/local/lib/ruby/site_ruby/1.8/rubygems/custom_require.rb:31:in `require'
    script/server:3
/!\ FAILSAFE /!\  Sat Mar 28 13:56:27 -0400 2009
  Status: 500 Internal Server Error
  No such file or directory - /Users/noah/Documents/github/final_front_tier/public/stylesheets/compiled
    /opt/local/lib/ruby/gems/1.8/gems/haml-2.1.0/lib/sass/plugin.rb:93:in `mkdir'
    /opt/local/lib/ruby/gems/1.8/gems/haml-2.1.0/lib/sass/plugin.rb:93:in `mkpath'
    /opt/local/lib/ruby/gems/1.8/gems/haml-2.1.0/lib/sass/plugin.rb:93:in `each'
    /opt/local/lib/ruby/gems/1.8/gems/haml-2.1.0/lib/sass/plugin.rb:93:in `mkpath'
    /opt/local/lib/ruby/gems/1.8/gems/haml-2.1.0/lib/sass/plugin.rb:81:in `update_stylesheet'
    /opt/local/lib/ruby/gems/1.8/gems/haml-2.1.0/lib/sass/plugin.rb:60:in `update_stylesheets'
    /opt/local/lib/ruby/gems/1.8/gems/haml-2.1.0/lib/sass/plugin.rb:55:in `each'
    /opt/local/lib/ruby/gems/1.8/gems/haml-2.1.0/lib/sass/plugin.rb:55:in `update_stylesheets'
    /opt/local/lib/ruby/gems/1.8/gems/haml-2.1.0/lib/sass/plugin.rb:53:in `each'
    /opt/local/lib/ruby/gems/1.8/gems/haml-2.1.0/lib/sass/plugin.rb:53:in `update_stylesheets'
    /opt/local/lib/ruby/gems/1.8/gems/haml-2.1.0/lib/sass/plugin/rails.rb:16:in `process'
    /opt/local/lib/ruby/gems/1.8/gems/actionpack-2.2.2/lib/action_controller/base.rb:392:in `process'
    /opt/local/lib/ruby/gems/1.8/gems/actionpack-2.2.2/lib/action_controller/dispatcher.rb:183:in `handle_request'
    /opt/local/lib/ruby/gems/1.8/gems/actionpack-2.2.2/lib/action_controller/dispatcher.rb:110:in `dispatch_unlocked'
    /opt/local/lib/ruby/gems/1.8/gems/actionpack-2.2.2/lib/action_controller/dispatcher.rb:123:in `dispatch'
    /opt/local/lib/ruby/gems/1.8/gems/actionpack-2.2.2/lib/action_controller/dispatcher.rb:122:in `synchronize'
    /opt/local/lib/ruby/gems/1.8/gems/actionpack-2.2.2/lib/action_controller/dispatcher.rb:122:in `dispatch'
    /opt/local/lib/ruby/gems/1.8/gems/actionpack-2.2.2/lib/action_controller/dispatcher.rb:132:in `dispatch_cgi'
    /opt/local/lib/ruby/gems/1.8/gems/actionpack-2.2.2/lib/action_controller/dispatcher.rb:39:in `dispatch'
    /opt/local/lib/ruby/gems/1.8/gems/rails-2.2.2/lib/webrick_server.rb:103:in `handle_dispatch'
    /opt/local/lib/ruby/gems/1.8/gems/rails-2.2.2/lib/webrick_server.rb:74:in `service'
    /opt/local/lib/ruby/1.8/webrick/httpserver.rb:104:in `service'
    /opt/local/lib/ruby/1.8/webrick/httpserver.rb:65:in `run'
    /opt/local/lib/ruby/1.8/webrick/server.rb:173:in `start_thread'
    /opt/local/lib/ruby/1.8/webrick/server.rb:162:in `start'
    /opt/local/lib/ruby/1.8/webrick/server.rb:162:in `start_thread'
    /opt/local/lib/ruby/1.8/webrick/server.rb:95:in `start'
    /opt/local/lib/ruby/1.8/webrick/server.rb:92:in `each'
    /opt/local/lib/ruby/1.8/webrick/server.rb:92:in `start'
    /opt/local/lib/ruby/1.8/webrick/server.rb:23:in `start'
    /opt/local/lib/ruby/1.8/webrick/server.rb:82:in `start'
    /opt/local/lib/ruby/gems/1.8/gems/rails-2.2.2/lib/webrick_server.rb:60:in `dispatch'
    /opt/local/lib/ruby/gems/1.8/gems/rails-2.2.2/lib/commands/servers/webrick.rb:66
    /opt/local/lib/ruby/site_ruby/1.8/rubygems/custom_require.rb:31:in `gem_original_require'
    /opt/local/lib/ruby/site_ruby/1.8/rubygems/custom_require.rb:31:in `require'
    /opt/local/lib/ruby/gems/1.8/gems/activesupport-2.2.2/lib/active_support/dependencies.rb:153:in `require'
    /opt/local/lib/ruby/gems/1.8/gems/activesupport-2.2.2/lib/active_support/dependencies.rb:521:in `new_constants_in'
    /opt/local/lib/ruby/gems/1.8/gems/activesupport-2.2.2/lib/active_support/dependencies.rb:153:in `require'
    /opt/local/lib/ruby/gems/1.8/gems/rails-2.2.2/lib/commands/server.rb:49
    /opt/local/lib/ruby/site_ruby/1.8/rubygems/custom_require.rb:31:in `gem_original_require'
    /opt/local/lib/ruby/site_ruby/1.8/rubygems/custom_require.rb:31:in `require'
    script/server:3
/!\ FAILSAFE /!\  Sat Mar 28 13:58:20 -0400 2009
  Status: 500 Internal Server Error
  No such file or directory - /Users/noah/Documents/github/final_front_tier/public/stylesheets/compiled
    /opt/local/lib/ruby/gems/1.8/gems/haml-2.1.0/lib/sass/plugin.rb:93:in `mkdir'
    /opt/local/lib/ruby/gems/1.8/gems/haml-2.1.0/lib/sass/plugin.rb:93:in `mkpath'
    /opt/local/lib/ruby/gems/1.8/gems/haml-2.1.0/lib/sass/plugin.rb:93:in `each'
    /opt/local/lib/ruby/gems/1.8/gems/haml-2.1.0/lib/sass/plugin.rb:93:in `mkpath'
    /opt/local/lib/ruby/gems/1.8/gems/haml-2.1.0/lib/sass/plugin.rb:81:in `update_stylesheet'
    /opt/local/lib/ruby/gems/1.8/gems/haml-2.1.0/lib/sass/plugin.rb:60:in `update_stylesheets'
    /opt/local/lib/ruby/gems/1.8/gems/haml-2.1.0/lib/sass/plugin.rb:55:in `each'
    /opt/local/lib/ruby/gems/1.8/gems/haml-2.1.0/lib/sass/plugin.rb:55:in `update_stylesheets'
    /opt/local/lib/ruby/gems/1.8/gems/haml-2.1.0/lib/sass/plugin.rb:53:in `each'
    /opt/local/lib/ruby/gems/1.8/gems/haml-2.1.0/lib/sass/plugin.rb:53:in `update_stylesheets'
    /opt/local/lib/ruby/gems/1.8/gems/haml-2.1.0/lib/sass/plugin/rails.rb:16:in `process'
    /opt/local/lib/ruby/gems/1.8/gems/actionpack-2.2.2/lib/action_controller/base.rb:392:in `process'
    /opt/local/lib/ruby/gems/1.8/gems/actionpack-2.2.2/lib/action_controller/dispatcher.rb:183:in `handle_request'
    /opt/local/lib/ruby/gems/1.8/gems/actionpack-2.2.2/lib/action_controller/dispatcher.rb:110:in `dispatch_unlocked'
    /opt/local/lib/ruby/gems/1.8/gems/actionpack-2.2.2/lib/action_controller/dispatcher.rb:123:in `dispatch'
    /opt/local/lib/ruby/gems/1.8/gems/actionpack-2.2.2/lib/action_controller/dispatcher.rb:122:in `synchronize'
    /opt/local/lib/ruby/gems/1.8/gems/actionpack-2.2.2/lib/action_controller/dispatcher.rb:122:in `dispatch'
    /opt/local/lib/ruby/gems/1.8/gems/actionpack-2.2.2/lib/action_controller/dispatcher.rb:132:in `dispatch_cgi'
    /opt/local/lib/ruby/gems/1.8/gems/actionpack-2.2.2/lib/action_controller/dispatcher.rb:39:in `dispatch'
    /opt/local/lib/ruby/gems/1.8/gems/rails-2.2.2/lib/webrick_server.rb:103:in `handle_dispatch'
    /opt/local/lib/ruby/gems/1.8/gems/rails-2.2.2/lib/webrick_server.rb:74:in `service'
    /opt/local/lib/ruby/1.8/webrick/httpserver.rb:104:in `service'
    /opt/local/lib/ruby/1.8/webrick/httpserver.rb:65:in `run'
    /opt/local/lib/ruby/1.8/webrick/server.rb:173:in `start_thread'
    /opt/local/lib/ruby/1.8/webrick/server.rb:162:in `start'
    /opt/local/lib/ruby/1.8/webrick/server.rb:162:in `start_thread'
    /opt/local/lib/ruby/1.8/webrick/server.rb:95:in `start'
    /opt/local/lib/ruby/1.8/webrick/server.rb:92:in `each'
    /opt/local/lib/ruby/1.8/webrick/server.rb:92:in `start'
    /opt/local/lib/ruby/1.8/webrick/server.rb:23:in `start'
    /opt/local/lib/ruby/1.8/webrick/server.rb:82:in `start'
    /opt/local/lib/ruby/gems/1.8/gems/rails-2.2.2/lib/webrick_server.rb:60:in `dispatch'
    /opt/local/lib/ruby/gems/1.8/gems/rails-2.2.2/lib/commands/servers/webrick.rb:66
    /opt/local/lib/ruby/site_ruby/1.8/rubygems/custom_require.rb:31:in `gem_original_require'
    /opt/local/lib/ruby/site_ruby/1.8/rubygems/custom_require.rb:31:in `require'
    /opt/local/lib/ruby/gems/1.8/gems/activesupport-2.2.2/lib/active_support/dependencies.rb:153:in `require'
    /opt/local/lib/ruby/gems/1.8/gems/activesupport-2.2.2/lib/active_support/dependencies.rb:521:in `new_constants_in'
    /opt/local/lib/ruby/gems/1.8/gems/activesupport-2.2.2/lib/active_support/dependencies.rb:153:in `require'
    /opt/local/lib/ruby/gems/1.8/gems/rails-2.2.2/lib/commands/server.rb:49
    /opt/local/lib/ruby/site_ruby/1.8/rubygems/custom_require.rb:31:in `gem_original_require'
    /opt/local/lib/ruby/site_ruby/1.8/rubygems/custom_require.rb:31:in `require'
    script/server:3
/!\ FAILSAFE /!\  Sat Mar 28 13:58:36 -0400 2009
  Status: 500 Internal Server Error
  No such file or directory - /Users/noah/Documents/github/final_front_tier/public/stylesheets/compiled
    /opt/local/lib/ruby/gems/1.8/gems/haml-2.1.0/lib/sass/plugin.rb:93:in `mkdir'
    /opt/local/lib/ruby/gems/1.8/gems/haml-2.1.0/lib/sass/plugin.rb:93:in `mkpath'
    /opt/local/lib/ruby/gems/1.8/gems/haml-2.1.0/lib/sass/plugin.rb:93:in `each'
    /opt/local/lib/ruby/gems/1.8/gems/haml-2.1.0/lib/sass/plugin.rb:93:in `mkpath'
    /opt/local/lib/ruby/gems/1.8/gems/haml-2.1.0/lib/sass/plugin.rb:81:in `update_stylesheet'
    /opt/local/lib/ruby/gems/1.8/gems/haml-2.1.0/lib/sass/plugin.rb:60:in `update_stylesheets'
    /opt/local/lib/ruby/gems/1.8/gems/haml-2.1.0/lib/sass/plugin.rb:55:in `each'
    /opt/local/lib/ruby/gems/1.8/gems/haml-2.1.0/lib/sass/plugin.rb:55:in `update_stylesheets'
    /opt/local/lib/ruby/gems/1.8/gems/haml-2.1.0/lib/sass/plugin.rb:53:in `each'
    /opt/local/lib/ruby/gems/1.8/gems/haml-2.1.0/lib/sass/plugin.rb:53:in `update_stylesheets'
    /opt/local/lib/ruby/gems/1.8/gems/haml-2.1.0/lib/sass/plugin/rails.rb:16:in `process'
    /opt/local/lib/ruby/gems/1.8/gems/actionpack-2.2.2/lib/action_controller/base.rb:392:in `process'
    /opt/local/lib/ruby/gems/1.8/gems/actionpack-2.2.2/lib/action_controller/dispatcher.rb:183:in `handle_request'
    /opt/local/lib/ruby/gems/1.8/gems/actionpack-2.2.2/lib/action_controller/dispatcher.rb:110:in `dispatch_unlocked'
    /opt/local/lib/ruby/gems/1.8/gems/actionpack-2.2.2/lib/action_controller/dispatcher.rb:123:in `dispatch'
    /opt/local/lib/ruby/gems/1.8/gems/actionpack-2.2.2/lib/action_controller/dispatcher.rb:122:in `synchronize'
    /opt/local/lib/ruby/gems/1.8/gems/actionpack-2.2.2/lib/action_controller/dispatcher.rb:122:in `dispatch'
    /opt/local/lib/ruby/gems/1.8/gems/actionpack-2.2.2/lib/action_controller/dispatcher.rb:132:in `dispatch_cgi'
    /opt/local/lib/ruby/gems/1.8/gems/actionpack-2.2.2/lib/action_controller/dispatcher.rb:39:in `dispatch'
    /opt/local/lib/ruby/gems/1.8/gems/rails-2.2.2/lib/webrick_server.rb:103:in `handle_dispatch'
    /opt/local/lib/ruby/gems/1.8/gems/rails-2.2.2/lib/webrick_server.rb:74:in `service'
    /opt/local/lib/ruby/1.8/webrick/httpserver.rb:104:in `service'
    /opt/local/lib/ruby/1.8/webrick/httpserver.rb:65:in `run'
    /opt/local/lib/ruby/1.8/webrick/server.rb:173:in `start_thread'
    /opt/local/lib/ruby/1.8/webrick/server.rb:162:in `start'
    /opt/local/lib/ruby/1.8/webrick/server.rb:162:in `start_thread'
    /opt/local/lib/ruby/1.8/webrick/server.rb:95:in `start'
    /opt/local/lib/ruby/1.8/webrick/server.rb:92:in `each'
    /opt/local/lib/ruby/1.8/webrick/server.rb:92:in `start'
    /opt/local/lib/ruby/1.8/webrick/server.rb:23:in `start'
    /opt/local/lib/ruby/1.8/webrick/server.rb:82:in `start'
    /opt/local/lib/ruby/gems/1.8/gems/rails-2.2.2/lib/webrick_server.rb:60:in `dispatch'
    /opt/local/lib/ruby/gems/1.8/gems/rails-2.2.2/lib/commands/servers/webrick.rb:66
    /opt/local/lib/ruby/site_ruby/1.8/rubygems/custom_require.rb:31:in `gem_original_require'
    /opt/local/lib/ruby/site_ruby/1.8/rubygems/custom_require.rb:31:in `require'
    /opt/local/lib/ruby/gems/1.8/gems/activesupport-2.2.2/lib/active_support/dependencies.rb:153:in `require'
    /opt/local/lib/ruby/gems/1.8/gems/activesupport-2.2.2/lib/active_support/dependencies.rb:521:in `new_constants_in'
    /opt/local/lib/ruby/gems/1.8/gems/activesupport-2.2.2/lib/active_support/dependencies.rb:153:in `require'
    /opt/local/lib/ruby/gems/1.8/gems/rails-2.2.2/lib/commands/server.rb:49
    /opt/local/lib/ruby/site_ruby/1.8/rubygems/custom_require.rb:31:in `gem_original_require'
    /opt/local/lib/ruby/site_ruby/1.8/rubygems/custom_require.rb:31:in `require'
    script/server:3
/!\ FAILSAFE /!\  Sat Mar 28 13:58:40 -0400 2009
  Status: 500 Internal Server Error
  No such file or directory - /Users/noah/Documents/github/final_front_tier/public/stylesheets/compiled
    /opt/local/lib/ruby/gems/1.8/gems/haml-2.1.0/lib/sass/plugin.rb:93:in `mkdir'
    /opt/local/lib/ruby/gems/1.8/gems/haml-2.1.0/lib/sass/plugin.rb:93:in `mkpath'
    /opt/local/lib/ruby/gems/1.8/gems/haml-2.1.0/lib/sass/plugin.rb:93:in `each'
    /opt/local/lib/ruby/gems/1.8/gems/haml-2.1.0/lib/sass/plugin.rb:93:in `mkpath'
    /opt/local/lib/ruby/gems/1.8/gems/haml-2.1.0/lib/sass/plugin.rb:81:in `update_stylesheet'
    /opt/local/lib/ruby/gems/1.8/gems/haml-2.1.0/lib/sass/plugin.rb:60:in `update_stylesheets'
    /opt/local/lib/ruby/gems/1.8/gems/haml-2.1.0/lib/sass/plugin.rb:55:in `each'
    /opt/local/lib/ruby/gems/1.8/gems/haml-2.1.0/lib/sass/plugin.rb:55:in `update_stylesheets'
    /opt/local/lib/ruby/gems/1.8/gems/haml-2.1.0/lib/sass/plugin.rb:53:in `each'
    /opt/local/lib/ruby/gems/1.8/gems/haml-2.1.0/lib/sass/plugin.rb:53:in `update_stylesheets'
    /opt/local/lib/ruby/gems/1.8/gems/haml-2.1.0/lib/sass/plugin/rails.rb:16:in `process'
    /opt/local/lib/ruby/gems/1.8/gems/actionpack-2.2.2/lib/action_controller/base.rb:392:in `process'
    /opt/local/lib/ruby/gems/1.8/gems/actionpack-2.2.2/lib/action_controller/dispatcher.rb:183:in `handle_request'
    /opt/local/lib/ruby/gems/1.8/gems/actionpack-2.2.2/lib/action_controller/dispatcher.rb:110:in `dispatch_unlocked'
    /opt/local/lib/ruby/gems/1.8/gems/actionpack-2.2.2/lib/action_controller/dispatcher.rb:123:in `dispatch'
    /opt/local/lib/ruby/gems/1.8/gems/actionpack-2.2.2/lib/action_controller/dispatcher.rb:122:in `synchronize'
    /opt/local/lib/ruby/gems/1.8/gems/actionpack-2.2.2/lib/action_controller/dispatcher.rb:122:in `dispatch'
    /opt/local/lib/ruby/gems/1.8/gems/actionpack-2.2.2/lib/action_controller/dispatcher.rb:132:in `dispatch_cgi'
    /opt/local/lib/ruby/gems/1.8/gems/actionpack-2.2.2/lib/action_controller/dispatcher.rb:39:in `dispatch'
    /opt/local/lib/ruby/gems/1.8/gems/rails-2.2.2/lib/webrick_server.rb:103:in `handle_dispatch'
    /opt/local/lib/ruby/gems/1.8/gems/rails-2.2.2/lib/webrick_server.rb:74:in `service'
    /opt/local/lib/ruby/1.8/webrick/httpserver.rb:104:in `service'
    /opt/local/lib/ruby/1.8/webrick/httpserver.rb:65:in `run'
    /opt/local/lib/ruby/1.8/webrick/server.rb:173:in `start_thread'
    /opt/local/lib/ruby/1.8/webrick/server.rb:162:in `start'
    /opt/local/lib/ruby/1.8/webrick/server.rb:162:in `start_thread'
    /opt/local/lib/ruby/1.8/webrick/server.rb:95:in `start'
    /opt/local/lib/ruby/1.8/webrick/server.rb:92:in `each'
    /opt/local/lib/ruby/1.8/webrick/server.rb:92:in `start'
    /opt/local/lib/ruby/1.8/webrick/server.rb:23:in `start'
    /opt/local/lib/ruby/1.8/webrick/server.rb:82:in `start'
    /opt/local/lib/ruby/gems/1.8/gems/rails-2.2.2/lib/webrick_server.rb:60:in `dispatch'
    /opt/local/lib/ruby/gems/1.8/gems/rails-2.2.2/lib/commands/servers/webrick.rb:66
    /opt/local/lib/ruby/site_ruby/1.8/rubygems/custom_require.rb:31:in `gem_original_require'
    /opt/local/lib/ruby/site_ruby/1.8/rubygems/custom_require.rb:31:in `require'
    /opt/local/lib/ruby/gems/1.8/gems/activesupport-2.2.2/lib/active_support/dependencies.rb:153:in `require'
    /opt/local/lib/ruby/gems/1.8/gems/activesupport-2.2.2/lib/active_support/dependencies.rb:521:in `new_constants_in'
    /opt/local/lib/ruby/gems/1.8/gems/activesupport-2.2.2/lib/active_support/dependencies.rb:153:in `require'
    /opt/local/lib/ruby/gems/1.8/gems/rails-2.2.2/lib/commands/server.rb:49
    /opt/local/lib/ruby/site_ruby/1.8/rubygems/custom_require.rb:31:in `gem_original_require'
    /opt/local/lib/ruby/site_ruby/1.8/rubygems/custom_require.rb:31:in `require'
    script/server:3
/!\ FAILSAFE /!\  Sat Mar 28 14:00:45 -0400 2009
  Status: 500 Internal Server Error
  No such file or directory - /Users/noah/Documents/github/final_front_tier/public/stylesheets/compiled
    /opt/local/lib/ruby/gems/1.8/gems/haml-2.1.0/lib/sass/plugin.rb:93:in `mkdir'
    /opt/local/lib/ruby/gems/1.8/gems/haml-2.1.0/lib/sass/plugin.rb:93:in `mkpath'
    /opt/local/lib/ruby/gems/1.8/gems/haml-2.1.0/lib/sass/plugin.rb:93:in `each'
    /opt/local/lib/ruby/gems/1.8/gems/haml-2.1.0/lib/sass/plugin.rb:93:in `mkpath'
    /opt/local/lib/ruby/gems/1.8/gems/haml-2.1.0/lib/sass/plugin.rb:81:in `update_stylesheet'
    /opt/local/lib/ruby/gems/1.8/gems/haml-2.1.0/lib/sass/plugin.rb:60:in `update_stylesheets'
    /opt/local/lib/ruby/gems/1.8/gems/haml-2.1.0/lib/sass/plugin.rb:55:in `each'
    /opt/local/lib/ruby/gems/1.8/gems/haml-2.1.0/lib/sass/plugin.rb:55:in `update_stylesheets'
    /opt/local/lib/ruby/gems/1.8/gems/haml-2.1.0/lib/sass/plugin.rb:53:in `each'
    /opt/local/lib/ruby/gems/1.8/gems/haml-2.1.0/lib/sass/plugin.rb:53:in `update_stylesheets'
    /opt/local/lib/ruby/gems/1.8/gems/haml-2.1.0/lib/sass/plugin/rails.rb:16:in `process'
    /opt/local/lib/ruby/gems/1.8/gems/actionpack-2.2.2/lib/action_controller/base.rb:392:in `process'
    /opt/local/lib/ruby/gems/1.8/gems/actionpack-2.2.2/lib/action_controller/dispatcher.rb:183:in `handle_request'
    /opt/local/lib/ruby/gems/1.8/gems/actionpack-2.2.2/lib/action_controller/dispatcher.rb:110:in `dispatch_unlocked'
    /opt/local/lib/ruby/gems/1.8/gems/actionpack-2.2.2/lib/action_controller/dispatcher.rb:123:in `dispatch'
    /opt/local/lib/ruby/gems/1.8/gems/actionpack-2.2.2/lib/action_controller/dispatcher.rb:122:in `synchronize'
    /opt/local/lib/ruby/gems/1.8/gems/actionpack-2.2.2/lib/action_controller/dispatcher.rb:122:in `dispatch'
    /opt/local/lib/ruby/gems/1.8/gems/actionpack-2.2.2/lib/action_controller/dispatcher.rb:132:in `dispatch_cgi'
    /opt/local/lib/ruby/gems/1.8/gems/actionpack-2.2.2/lib/action_controller/dispatcher.rb:39:in `dispatch'
    /opt/local/lib/ruby/gems/1.8/gems/rails-2.2.2/lib/webrick_server.rb:103:in `handle_dispatch'
    /opt/local/lib/ruby/gems/1.8/gems/rails-2.2.2/lib/webrick_server.rb:74:in `service'
    /opt/local/lib/ruby/1.8/webrick/httpserver.rb:104:in `service'
    /opt/local/lib/ruby/1.8/webrick/httpserver.rb:65:in `run'
    /opt/local/lib/ruby/1.8/webrick/server.rb:173:in `start_thread'
    /opt/local/lib/ruby/1.8/webrick/server.rb:162:in `start'
    /opt/local/lib/ruby/1.8/webrick/server.rb:162:in `start_thread'
    /opt/local/lib/ruby/1.8/webrick/server.rb:95:in `start'
    /opt/local/lib/ruby/1.8/webrick/server.rb:92:in `each'
    /opt/local/lib/ruby/1.8/webrick/server.rb:92:in `start'
    /opt/local/lib/ruby/1.8/webrick/server.rb:23:in `start'
    /opt/local/lib/ruby/1.8/webrick/server.rb:82:in `start'
    /opt/local/lib/ruby/gems/1.8/gems/rails-2.2.2/lib/webrick_server.rb:60:in `dispatch'
    /opt/local/lib/ruby/gems/1.8/gems/rails-2.2.2/lib/commands/servers/webrick.rb:66
    /opt/local/lib/ruby/site_ruby/1.8/rubygems/custom_require.rb:31:in `gem_original_require'
    /opt/local/lib/ruby/site_ruby/1.8/rubygems/custom_require.rb:31:in `require'
    /opt/local/lib/ruby/gems/1.8/gems/activesupport-2.2.2/lib/active_support/dependencies.rb:153:in `require'
    /opt/local/lib/ruby/gems/1.8/gems/activesupport-2.2.2/lib/active_support/dependencies.rb:521:in `new_constants_in'
    /opt/local/lib/ruby/gems/1.8/gems/activesupport-2.2.2/lib/active_support/dependencies.rb:153:in `require'
    /opt/local/lib/ruby/gems/1.8/gems/rails-2.2.2/lib/commands/server.rb:49
    /opt/local/lib/ruby/site_ruby/1.8/rubygems/custom_require.rb:31:in `gem_original_require'
    /opt/local/lib/ruby/site_ruby/1.8/rubygems/custom_require.rb:31:in `require'
    script/server:3


Processing HomeController#index (for 127.0.0.1 at 2009-03-28 14:02:13) [GET]
Rendering template within layouts/application
Rendering home/index
Rendered layouts/shared/_xhtml_start_document (0.3ms)
Rendered layouts/shared/_xhtml_head (0.2ms)
Completed in 14ms (View: 12 | 200 OK [http://localhost/home/index]


Processing HomeController#404 (for 127.0.0.1 at 2009-03-28 14:02:13) [GET]
  Parameters: {"path"=>["javascripts", "vendor", "nyt_article_skimmer.js"]}
Rendering template within layouts/application
Rendering home/404
Rendered layouts/shared/_xhtml_start_document (0.3ms)
Rendered layouts/shared/_xhtml_head (0.2ms)
Completed in 11ms (View: 8 | 200 OK [http://localhost/javascripts/vendor/nyt_article_skimmer.js]


Processing HomeController#index (for 127.0.0.1 at 2009-03-28 14:09:01) [GET]
Rendering template within layouts/application
Rendering home/index
Rendered layouts/shared/_xhtml_start_document (0.3ms)
Rendered layouts/shared/_xhtml_head (0.2ms)
Completed in 13ms (View: 11 | 200 OK [http://localhost/home/index]


Processing HomeController#404 (for 127.0.0.1 at 2009-03-28 14:09:01) [GET]
  Parameters: {"path"=>["javascripts", "vendor", "nyt_article_skimmer.js"]}
Rendering template within layouts/application
Rendering home/404
Rendered layouts/shared/_xhtml_start_document (0.3ms)
Rendered layouts/shared/_xhtml_head (0.2ms)
Completed in 12ms (View: 9 | 200 OK [http://localhost/javascripts/vendor/nyt_article_skimmer.js]


Processing HomeController#404 (for 127.0.0.1 at 2009-03-28 15:26:42) [GET]
  Parameters: {"path"=>[]}
Rendering template within layouts/application
Rendering home/404
Rendered layouts/shared/_xhtml_start_document (0.4ms)
Rendered layouts/shared/_xhtml_head (0.3ms)
Completed in 36ms (View: 32 | 200 OK [http://localhost/]


Processing HomeController#404 (for 127.0.0.1 at 2009-03-28 15:26:42) [GET]
  Parameters: {"path"=>["javascripts", "vendor", "nyt_article_skimmer.js"]}
Rendering template within layouts/application
Rendering home/404
Rendered layouts/shared/_xhtml_start_document (0.3ms)
Rendered layouts/shared/_xhtml_head (0.2ms)
Completed in 10ms (View: 8 | 200 OK [http://localhost/javascripts/vendor/nyt_article_skimmer.js]


Processing HomeController#404 (for 127.0.0.1 at 2009-03-28 15:34:45) [GET]
  Parameters: {"path"=>[]}
Rendering template within layouts/application
Rendering home/404
Rendered layouts/shared/_xhtml_start_document (0.3ms)
Rendered layouts/shared/_xhtml_head (0.2ms)
Completed in 12ms (View: 9 | 200 OK [http://localhost/]


Processing HomeController#404 (for 127.0.0.1 at 2009-03-28 15:34:45) [GET]
  Parameters: {"path"=>["javascripts", "vendor", "nyt_article_skimmer.js"]}
Rendering template within layouts/application
Rendering home/404
Rendered layouts/shared/_xhtml_start_document (0.3ms)
Rendered layouts/shared/_xhtml_head (0.2ms)
Completed in 21ms (View: 10 | 200 OK [http://localhost/javascripts/vendor/nyt_article_skimmer.js]


Processing HomeController#index (for 127.0.0.1 at 2009-03-28 15:36:23) [GET]
Rendering template within layouts/application
Rendering home/index
Rendered layouts/shared/_xhtml_start_document (0.4ms)
Rendered layouts/shared/_xhtml_head (0.3ms)
Completed in 43ms (View: 41 | 200 OK [http://localhost/]


Processing HomeController#404 (for 127.0.0.1 at 2009-03-28 15:36:23) [GET]
  Parameters: {"path"=>["javascripts", "vendor", "nyt_article_skimmer.js"]}
Rendering template within layouts/application
Rendering home/404
Rendered layouts/shared/_xhtml_start_document (0.3ms)
Rendered layouts/shared/_xhtml_head (0.2ms)
Completed in 13ms (View: 9 | 200 OK [http://localhost/javascripts/vendor/nyt_article_skimmer.js]


Processing HomeController#404 (for 127.0.0.1 at 2009-03-28 15:36:28) [GET]
  Parameters: {"path"=>["foo"]}
Rendering template within layouts/application
Rendering home/404
Rendered layouts/shared/_xhtml_start_document (0.3ms)
Rendered layouts/shared/_xhtml_head (0.2ms)
Completed in 11ms (View: 8 | 200 OK [http://localhost/foo]


Processing HomeController#404 (for 127.0.0.1 at 2009-03-28 15:36:28) [GET]
  Parameters: {"path"=>["javascripts", "vendor", "nyt_article_skimmer.js"]}
Rendering template within layouts/application
Rendering home/404
Rendered layouts/shared/_xhtml_start_document (0.3ms)
Rendered layouts/shared/_xhtml_head (0.2ms)
Completed in 10ms (View: 8 | 200 OK [http://localhost/javascripts/vendor/nyt_article_skimmer.js]
